<?xml version="1.0" encoding="UTF-8"?>
<!-- Generated by org.testng.reporters.JUnitXMLReporter -->
<testsuite ignored="0" hostname="IBM-PF365QSA" failures="1" tests="3" name="Test" time="45.046" errors="0" timestamp="2024-04-28T19:39:38 IST">
  <testcase classname="Swapnal.selenium_framework_design.tests.standAloneTest2" name="submitOrder" time="16.6"/>
  <testcase classname="Swapnal.selenium_framework_design.tests.standAloneTest2" name="submitOrder" time="14.66">
    <failure type="java.lang.AssertionError" message="expected [true] but found [false]">
      <![CDATA[java.lang.AssertionError: expected [true] but found [false]
at Swapnal.selenium_framework_design.tests.standAloneTest2.submitOrder(standAloneTest2.java:49)
at java.base/java.util.ArrayList.forEach(ArrayList.java:1511)
... Removed 31 stack frames]]>
    </failure>
  </testcase> <!-- submitOrder -->
  <testcase classname="Swapnal.selenium_framework_design.tests.standAloneTest2" name="orderHistoryTest" time="0.0">
    <skipped/>
  </testcase> <!-- orderHistoryTest -->
</testsuite> <!-- Test -->
